<?xml version="1.0" encoding="UTF-8"?>
<!-- Generated by org.testng.reporters.JUnitReportReporter -->
<testsuite skipped="0" hostname="Shailesh" name="test.TestNGBasics" tests="5" failures="0" timestamp="2021-10-13T17:40:19 IST" time="0.463" errors="0">
  <testcase name="GetPurchaseAmount" time="0.020" classname="test.TestNGBasics"/>
  <system-out/>
  <testcase name="GetTotalCourses" time="0.042" classname="test.TestNGBasics"/>
  <system-out/>
  <testcase name="GetCoursePrices" time="0.144" classname="test.TestNGBasics"/>
  <system-out/>
  <testcase name="GetAllCourses" time="0.124" classname="test.TestNGBasics"/>
  <system-out/>
  <testcase name="GetCopiesSold" time="0.133" classname="test.TestNGBasics"/>
  <system-out/>
</testsuite> <!-- test.TestNGBasics -->
