<?xml version="1.0" encoding="UTF-8"?>
<!-- Generated by org.testng.reporters.JUnitReportReporter -->
<testsuite skipped="0" hostname="Shailesh" name="test.ParameterizedBasics" tests="3" failures="0" timestamp="2021-10-13T20:34:26 IST" time="4.798" errors="0">
  <testcase name="addBook" time="0.175" classname="test.ParameterizedBasics"/>
  <system-out/>
  <testcase name="addBook" time="0.178" classname="test.ParameterizedBasics"/>
  <system-out/>
  <testcase name="addBook" time="4.445" classname="test.ParameterizedBasics"/>
  <system-out/>
</testsuite> <!-- test.ParameterizedBasics -->
