<?xml version="1.0" encoding="UTF-8"?>
<!-- Generated by org.testng.reporters.JUnitReportReporter -->
<testsuite skipped="0" hostname="Shailesh" name="test.ReadFromFile" tests="1" failures="0" timestamp="2021-10-13T20:59:55 IST" time="4.620" errors="0">
  <testcase name="addBook" time="4.620" classname="test.ReadFromFile"/>
  <system-out/>
</testsuite> <!-- test.ReadFromFile -->
