<?xml version="1.0" encoding="UTF-8"?>
<!-- Generated by org.testng.reporters.JUnitReportReporter -->
<testsuite skipped="0" hostname="Shailesh" name="test.TotalPrice" tests="1" failures="0" timestamp="2021-10-13T17:41:48 IST" time="2.686" errors="0">
  <testcase name="totalCoursePrice" time="2.686" classname="test.TotalPrice"/>
  <system-out/>
</testsuite> <!-- test.TotalPrice -->
